# JRE version: Java(TM) SE Runtime Environment (20.0.2+9) (build 20.0.2+9-78)
# Java VM: Java HotSpot(TM) 64-Bit Server VM (20.0.2+9-78, mixed mode, sharing, tiered, compressed oops, compressed class ptrs, g1 gc, windows-amd64)
GC Precious Log:
 CardTable entry size: 512
 Card Set container configuration: InlinePtr #cards 5 size 8 Array Of Cards #cards 12 size 40 Howl #buckets 4 coarsen threshold 1843 Howl Bitmap #cards 512 size 80 coarsen threshold 460 Card regions per heap region 1 cards per card region 2048
 CPUs: 8 total, 8 available
 Memory: 8050M
 Large Page Support: Disabled
 NUMA Support: Disabled
 Compressed Oops: Enabled (32-bit)
 Heap Region Size: 1M
 Heap Min Capacity: 8M
 Heap Initial Capacity: 126M
 Heap Max Capacity: 2014M
 Pre-touch: Disabled
 Parallel Workers: 8
 Concurrent Workers: 2
 Concurrent Refinement Workers: 8
 Periodic GC: Disabled
Heap:
 garbage-first heap   total 71680K, used 56690K [0x0000000082200000, 0x0000000100000000)
  region size 1024K, 3 young (3072K), 2 survivors (2048K)
 Metaspace       used 42785K, committed 43200K, reserved 1114112K
  class space    used 5364K, committed 5568K, reserved 1048576K
GC Heap History (18 events):
Event: 2.165 GC heap before
{Heap before GC invocations=0 (full 0):
 garbage-first heap   total 129024K, used 25600K [0x0000000082200000, 0x0000000100000000)
  region size 1024K, 23 young (23552K), 0 survivors (0K)
 Metaspace       used 5160K, committed 5312K, reserved 1114112K
  class space    used 571K, committed 640K, reserved 1048576K
}
Event: 2.176 GC heap after
{Heap after GC invocations=1 (full 0):
 garbage-first heap   total 129024K, used 11101K [0x0000000082200000, 0x0000000100000000)
  region size 1024K, 3 young (3072K), 3 survivors (3072K)
 Metaspace       used 5160K, committed 5312K, reserved 1114112K
  class space    used 571K, committed 640K, reserved 1048576K
}
Event: 3.463 GC heap before
{Heap before GC invocations=1 (full 0):
 garbage-first heap   total 129024K, used 35677K [0x0000000082200000, 0x0000000100000000)
  region size 1024K, 27 young (27648K), 3 survivors (3072K)
 Metaspace       used 11683K, committed 11904K, reserved 1114112K
  class space    used 1385K, committed 1472K, reserved 1048576K
}
Event: 3.469 GC heap after
{Heap after GC invocations=2 (full 0):
 garbage-first heap   total 129024K, used 13006K [0x0000000082200000, 0x0000000100000000)
  region size 1024K, 2 young (2048K), 2 survivors (2048K)
 Metaspace       used 11683K, committed 11904K, reserved 1114112K
  class space    used 1385K, committed 1472K, reserved 1048576K
}
Event: 5.042 GC heap before
{Heap before GC invocations=2 (full 0):
 garbage-first heap   total 129024K, used 56014K [0x0000000082200000, 0x0000000100000000)
  region size 1024K, 46 young (47104K), 2 survivors (2048K)
 Metaspace       used 21238K, committed 21504K, reserved 1114112K
  class space    used 2533K, committed 2688K, reserved 1048576K
}
Event: 5.049 GC heap after
{Heap after GC invocations=3 (full 0):
 garbage-first heap   total 129024K, used 16018K [0x0000000082200000, 0x0000000100000000)
  region size 1024K, 5 young (5120K), 5 survivors (5120K)
 Metaspace       used 21238K, committed 21504K, reserved 1114112K
  class space    used 2533K, committed 2688K, reserved 1048576K
}
Event: 10.167 GC heap before
{Heap before GC invocations=4 (full 0):
 garbage-first heap   total 58368K, used 45714K [0x0000000082200000, 0x0000000100000000)
  region size 1024K, 34 young (34816K), 5 survivors (5120K)
 Metaspace       used 29152K, committed 29504K, reserved 1114112K
  class space    used 3649K, committed 3776K, reserved 1048576K
}
Event: 10.180 GC heap after
{Heap after GC invocations=5 (full 0):
 garbage-first heap   total 58368K, used 18107K [0x0000000082200000, 0x0000000100000000)
  region size 1024K, 3 young (3072K), 3 survivors (3072K)
 Metaspace       used 29152K, committed 29504K, reserved 1114112K
  class space    used 3649K, committed 3776K, reserved 1048576K
}
Event: 11.076 GC heap before
{Heap before GC invocations=5 (full 0):
 garbage-first heap   total 58368K, used 35515K [0x0000000082200000, 0x0000000100000000)
  region size 1024K, 21 young (21504K), 3 survivors (3072K)
 Metaspace       used 35696K, committed 35968K, reserved 1114112K
  class space    used 4408K, committed 4544K, reserved 1048576K
}
Event: 11.087 GC heap after
{Heap after GC invocations=6 (full 0):
 garbage-first heap   total 58368K, used 20394K [0x0000000082200000, 0x0000000100000000)
  region size 1024K, 3 young (3072K), 3 survivors (3072K)
 Metaspace       used 35696K, committed 35968K, reserved 1114112K
  class space    used 4408K, committed 4544K, reserved 1048576K
}
Event: 11.138 GC heap before
{Heap before GC invocations=6 (full 0):
 garbage-first heap   total 58368K, used 20394K [0x0000000082200000, 0x0000000100000000)
  region size 1024K, 4 young (4096K), 3 survivors (3072K)
 Metaspace       used 35919K, committed 36288K, reserved 1114112K
  class space    used 4436K, committed 4608K, reserved 1048576K
}
Event: 11.144 GC heap after
{Heap after GC invocations=7 (full 0):
 garbage-first heap   total 58368K, used 20932K [0x0000000082200000, 0x0000000100000000)
  region size 1024K, 1 young (1024K), 1 survivors (1024K)
 Metaspace       used 35919K, committed 36288K, reserved 1114112K
  class space    used 4436K, committed 4608K, reserved 1048576K
}
Event: 22.998 GC heap before
{Heap before GC invocations=8 (full 0):
 garbage-first heap   total 58368K, used 56772K [0x0000000082200000, 0x0000000100000000)
  region size 1024K, 22 young (22528K), 1 survivors (1024K)
 Metaspace       used 39734K, committed 40128K, reserved 1114112K
  class space    used 4958K, committed 5120K, reserved 1048576K
}
Event: 23.007 GC heap after
{Heap after GC invocations=9 (full 0):
 garbage-first heap   total 61440K, used 38307K [0x0000000082200000, 0x0000000100000000)
  region size 1024K, 3 young (3072K), 3 survivors (3072K)
 Metaspace       used 39734K, committed 40128K, reserved 1114112K
  class space    used 4958K, committed 5120K, reserved 1048576K
}
Event: 39.549 GC heap before
{Heap before GC invocations=9 (full 0):
 garbage-first heap   total 66560K, used 65955K [0x0000000082200000, 0x0000000100000000)
  region size 1024K, 15 young (15360K), 3 survivors (3072K)
 Metaspace       used 40602K, committed 40960K, reserved 1114112K
  class space    used 5061K, committed 5248K, reserved 1048576K
}
Event: 39.563 GC heap after
{Heap after GC invocations=10 (full 0):
 garbage-first heap   total 71680K, used 55296K [0x0000000082200000, 0x0000000100000000)
  region size 1024K, 2 young (2048K), 2 survivors (2048K)
 Metaspace       used 40602K, committed 40960K, reserved 1114112K
  class space    used 5061K, committed 5248K, reserved 1048576K
}
Event: 40.465 GC heap before
{Heap before GC invocations=10 (full 0):
 garbage-first heap   total 71680K, used 64512K [0x0000000082200000, 0x0000000100000000)
  region size 1024K, 12 young (12288K), 2 survivors (2048K)
 Metaspace       used 42768K, committed 43200K, reserved 1114112K
  class space    used 5364K, committed 5568K, reserved 1048576K
}
Event: 40.479 GC heap after
{Heap after GC invocations=11 (full 0):
 garbage-first heap   total 71680K, used 56690K [0x0000000082200000, 0x0000000100000000)
  region size 1024K, 2 young (2048K), 2 survivors (2048K)
 Metaspace       used 42768K, committed 43200K, reserved 1114112K
  class space    used 5364K, committed 5568K, reserved 1048576K
}

